<?xml version="1.0" encoding="UTF-8"?>
<!-- Generated by org.testng.reporters.JUnitReportReporter -->
<testsuite hostname="VJSWATHISHAAN" failures="0" tests="1" name="TestNG_Practice.NewTest" time="0.010" errors="0" timestamp="2024-11-23T08:32:16 IST" skipped="0">
  <testcase classname="TestNG_Practice.NewTest" name="f" time="0.010"/>
  <system-out/>
</testsuite> <!-- TestNG_Practice.NewTest -->
