<?xml version="1.0" encoding="UTF-8"?>
<!-- Generated by org.testng.reporters.JUnitReportReporter -->
<testsuite hostname="VJSWATHISHAAN" failures="0" tests="3" name="TestNG_Practice.TNG001" time="0.013" errors="0" timestamp="2024-11-23T10:23:17 IST" skipped="0">
  <testcase classname="TestNG_Practice.TNG001" name="f" time="0.007"/>
  <system-out/>
  <testcase classname="TestNG_Practice.TNG001" name="Z" time="0.002"/>
  <system-out/>
  <testcase classname="TestNG_Practice.TNG001" name="a" time="0.004"/>
  <system-out/>
</testsuite> <!-- TestNG_Practice.TNG001 -->
